<?xml version="1.0" encoding="UTF-8"?>
<!-- Generated by org.testng.reporters.JUnitReportReporter -->
<testsuite hostname="DESKTOP-VLFRU2T" failures="0" tests="1" name="com.tests.LoginTest" time="7.439" errors="0" timestamp="2022-11-21T20:28:21 IST" skipped="0">
  <testcase classname="com.tests.LoginTest" name="loginPage" time="7.439"/>
  <system-out/>
</testsuite> <!-- com.tests.LoginTest -->
