<?xml version="1.0" encoding="UTF-8"?>
<!-- Generated by org.testng.reporters.JUnitReportReporter -->
<testsuite hostname="DESKTOP-VLFRU2T" failures="0" tests="4" name="com.tests.BuyNowTest" time="64.564" errors="0" timestamp="2022-08-16T07:09:57 IST" skipped="3">
  <testcase classname="com.tests.BuyNowTest" name="BuyNowSearchProducyUsingKeywordandNetBankingPayment" time="64.564"/>
  <system-out/>
  <testcase classname="com.tests.BuyNowTest" name="BuyNowFromMainCategoryandCardPayment">
    <skipped/>
  </testcase> <!-- BuyNowFromMainCategoryandCardPayment -->
  <system-out/>
  <testcase classname="com.tests.BuyNowTest" name="BuyNowFromAllProductsDropdownandCODOption">
    <skipped/>
  </testcase> <!-- BuyNowFromAllProductsDropdownandCODOption -->
  <system-out/>
  <testcase classname="com.tests.BuyNowTest" name="BuyNowFromSpecialityStoreandWalletPayment">
    <skipped/>
  </testcase> <!-- BuyNowFromSpecialityStoreandWalletPayment -->
  <system-out/>
</testsuite> <!-- com.tests.BuyNowTest -->
