<?xml version="1.0" encoding="UTF-8"?>
<!-- Generated by org.testng.reporters.JUnitReportReporter -->
<testsuite hostname="DESKTOP-A62QDBA" failures="0" tests="6" name="com.tests.DashboardTest" time="135.677" errors="0" timestamp="2022-09-09T16:28:30 IST" skipped="0">
  <testcase classname="com.tests.DashboardTest" name="DashboardTopBar" time="19.137"/>
  <system-out/>
  <testcase classname="com.tests.DashboardTest" name="DashboardBottomBanner" time="22.536"/>
  <system-out/>
  <testcase classname="com.tests.DashboardTest" name="DashboardTotalAuctionandDeals" time="9.706"/>
  <system-out/>
  <testcase classname="com.tests.DashboardTest" name="Productrequestcheck" time="6.219"/>
  <system-out/>
  <testcase classname="com.tests.DashboardTest" name="FilterCheck" time="42.829"/>
  <system-out/>
  <testcase classname="com.tests.DashboardTest" name="DealsAndAuctionRedirecting" time="35.250"/>
  <system-out/>
</testsuite> <!-- com.tests.DashboardTest -->
