<?xml version="1.0" encoding="UTF-8"?>
<!-- Generated by org.testng.reporters.JUnitReportReporter -->
<testsuite hostname="DESKTOP-A62QDBA" failures="0" tests="1" name="com.tests.SearchProductandStartAuction" time="138.609" errors="0" timestamp="2022-07-12T13:30:07 IST" skipped="0">
  <testcase classname="com.tests.SearchProductandStartAuction" name="SearchProductAndStartAuction" time="138.609"/>
  <system-out/>
</testsuite> <!-- com.tests.SearchProductandStartAuction -->
