<?xml version="1.0" encoding="UTF-8"?>
<!-- Generated by org.testng.reporters.JUnitReportReporter -->
<testsuite hostname="DESKTOP-VLFRU2T" failures="0" tests="1" name="com.tests.StartAuctionTest" time="15.137" errors="0" timestamp="2022-11-21T20:28:21 IST" skipped="0">
  <testcase classname="com.tests.StartAuctionTest" name="StartAuctionWay0" time="15.137"/>
  <system-out/>
</testsuite> <!-- com.tests.StartAuctionTest -->
