<?xml version="1.0" encoding="UTF-8"?>
<!-- Generated by org.testng.reporters.JUnitReportReporter -->
<testsuite hostname="DESKTOP-A62QDBA" failures="0" tests="7" name="com.tests.ProfileTest" time="45.859" errors="0" timestamp="2022-08-17T16:42:58 IST" skipped="0">
  <testcase classname="com.tests.ProfileTest" name="PersonalInformationUpdate" time="6.399"/>
  <system-out/>
  <testcase classname="com.tests.ProfileTest" name="Profileimageupload" time="3.396"/>
  <system-out/>
  <testcase classname="com.tests.ProfileTest" name="PhonenumberUpdate" time="10.029"/>
  <system-out/>
  <testcase classname="com.tests.ProfileTest" name="PasswordUpdate" time="3.852"/>
  <system-out/>
  <testcase classname="com.tests.ProfileTest" name="AddDeliveryAddress" time="6.882"/>
  <system-out/>
  <testcase classname="com.tests.ProfileTest" name="EditDeliveryAddress" time="12.375"/>
  <system-out/>
  <testcase classname="com.tests.ProfileTest" name="DeleteDeliveryAddress" time="2.926"/>
  <system-out/>
</testsuite> <!-- com.tests.ProfileTest -->
