<?xml version="1.0" encoding="UTF-8"?>
<!-- Generated by org.testng.reporters.JUnitReportReporter -->
<testsuite hostname="DESKTOP-A62QDBA" failures="0" tests="1" name="com.tests.SignUpTest" time="12.216" errors="0" timestamp="2022-07-07T18:19:05 IST" skipped="0">
  <testcase classname="com.tests.SignUpTest" name="testLoginPage" time="12.216"/>
  <system-out/>
</testsuite> <!-- com.tests.SignUpTest -->
