<?xml version="1.0" encoding="UTF-8"?>
<!-- Generated by org.testng.reporters.JUnitReportReporter -->
<testsuite hostname="DESKTOP-A62QDBA" failures="0" tests="4" name="com.tests.DashboardTest" time="83.337" errors="0" timestamp="2022-08-16T17:45:22 IST" skipped="0">
  <testcase classname="com.tests.DashboardTest" name="DashboardTopBar" time="39.224"/>
  <system-out/>
  <testcase classname="com.tests.DashboardTest" name="DashboardBottomBanner" time="26.105"/>
  <system-out/>
  <testcase classname="com.tests.DashboardTest" name="DashboardTotalAuctionandDeals" time="12.272"/>
  <system-out/>
  <testcase classname="com.tests.DashboardTest" name="Productrequestcheck" time="5.736"/>
  <system-out/>
</testsuite> <!-- com.tests.DashboardTest -->
