<?xml version="1.0" encoding="UTF-8"?>
<!-- Generated by org.testng.reporters.JUnitReportReporter -->
<testsuite hostname="DESKTOP-A62QDBA" failures="0" tests="1" name="com.tests.BuyNowTest" time="15.356" errors="0" timestamp="2022-07-27T17:38:43 IST" skipped="0">
  <testcase classname="com.tests.BuyNowTest" name="BuyNowPage" time="15.356"/>
  <system-out/>
</testsuite> <!-- com.tests.BuyNowTest -->
