<?xml version="1.0" encoding="UTF-8"?>
<!-- Generated by org.testng.reporters.JUnitReportReporter -->
<testsuite hostname="DESKTOP-VLFRU2T" failures="0" tests="4" name="com.tests.AutoBidTest" time="40.386" errors="0" timestamp="2022-08-16T07:25:00 IST" skipped="3">
  <testcase classname="com.tests.AutoBidTest" name="AutoBidByKeywordSearchandNetBankingPayment" time="40.386"/>
  <system-out/>
  <testcase classname="com.tests.AutoBidTest" name="AutoBidFromSpecialityStoreandWalletPayment">
    <skipped/>
  </testcase> <!-- AutoBidFromSpecialityStoreandWalletPayment -->
  <system-out/>
  <testcase classname="com.tests.AutoBidTest" name="AutoBidFromAllProductsDropdownandCODOption">
    <skipped/>
  </testcase> <!-- AutoBidFromAllProductsDropdownandCODOption -->
  <system-out/>
  <testcase classname="com.tests.AutoBidTest" name="AutoBidFromMainCategoryandCardPayment">
    <skipped/>
  </testcase> <!-- AutoBidFromMainCategoryandCardPayment -->
  <system-out/>
</testsuite> <!-- com.tests.AutoBidTest -->
