<?xml version="1.0" encoding="UTF-8"?>
<!-- Generated by org.testng.reporters.JUnitReportReporter -->
<testsuite hostname="DESKTOP-A62QDBA" failures="0" tests="4" name="com.tests.DashboardTest" time="56.781" errors="0" timestamp="2022-08-17T17:00:55 IST" skipped="0">
  <testcase classname="com.tests.DashboardTest" name="DashboardTopBar" time="17.484"/>
  <system-out/>
  <testcase classname="com.tests.DashboardTest" name="DashboardBottomBanner" time="23.745"/>
  <system-out/>
  <testcase classname="com.tests.DashboardTest" name="DashboardTotalAuctionandDeals" time="9.050"/>
  <system-out/>
  <testcase classname="com.tests.DashboardTest" name="Productrequestcheck" time="6.502"/>
  <system-out/>
</testsuite> <!-- com.tests.DashboardTest -->
