<?xml version="1.0" encoding="UTF-8"?>
<!-- Generated by org.testng.reporters.JUnitReportReporter -->
<testsuite hostname="DESKTOP-VLFRU2T" failures="0" tests="1" name="com.tests.CouponsTest$DashboardTest" time="6.637" errors="0" timestamp="2022-08-15T14:36:48 IST" skipped="0">
  <testcase classname="com.tests.CouponsTest$DashboardTest" name="ReferralPage" time="6.637"/>
  <system-out/>
</testsuite> <!-- com.tests.CouponsTest$DashboardTest -->
