<?xml version="1.0" encoding="UTF-8"?>
<!-- Generated by org.testng.reporters.JUnitReportReporter -->
<testsuite hostname="DESKTOP-A62QDBA" failures="0" tests="1" name="com.tests.LoginOTPTest$LoginTest" time="26.363" errors="0" timestamp="2022-07-19T11:02:24 IST" skipped="0">
  <testcase classname="com.tests.LoginOTPTest$LoginTest" name="loginPage" time="26.363"/>
  <system-out/>
</testsuite> <!-- com.tests.LoginOTPTest$LoginTest -->
