<?xml version="1.0" encoding="UTF-8"?>
<!-- Generated by org.testng.reporters.JUnitReportReporter -->
<testsuite hostname="DESKTOP-A62QDBA" failures="0" tests="1" name="com.tests.StartAuctionTest" time="14.952" errors="0" timestamp="2022-07-28T12:45:56 IST" skipped="0">
  <testcase classname="com.tests.StartAuctionTest" name="StartAuctionPage" time="14.952"/>
  <system-out/>
</testsuite> <!-- com.tests.StartAuctionTest -->
