<?xml version="1.0" encoding="UTF-8"?>
<!-- Generated by org.testng.reporters.JUnitReportReporter -->
<testsuite hostname="DESKTOP-VLFRU2T" failures="0" tests="1" name="com.tests.ProfileTest" time="7.832" errors="0" timestamp="2022-07-03T21:45:38 IST" skipped="0">
  <testcase classname="com.tests.ProfileTest" name="profilepage" time="7.832"/>
  <system-out/>
</testsuite> <!-- com.tests.ProfileTest -->
