<?xml version="1.0" encoding="UTF-8"?>
<!-- Generated by org.testng.reporters.JUnitReportReporter -->
<testsuite hostname="DESKTOP-VLFRU2T" failures="0" tests="6" name="com.tests.ProfileTest" time="39.892" errors="0" timestamp="2022-11-21T20:28:21 IST" skipped="0">
  <testcase classname="com.tests.ProfileTest" name="PersonalInformationUpdate" time="11.648"/>
  <system-out/>
  <testcase classname="com.tests.ProfileTest" name="Profileimageupload" time="5.473"/>
  <system-out/>
  <testcase classname="com.tests.ProfileTest" name="PasswordUpdate" time="2.099"/>
  <system-out/>
  <testcase classname="com.tests.ProfileTest" name="AddDeliveryAddress" time="6.123"/>
  <system-out/>
  <testcase classname="com.tests.ProfileTest" name="EditDeliveryAddress" time="8.172"/>
  <system-out/>
  <testcase classname="com.tests.ProfileTest" name="DeleteDeliveryAddress" time="6.377"/>
  <system-out/>
</testsuite> <!-- com.tests.ProfileTest -->
