<?xml version="1.0" encoding="UTF-8"?>
<!-- Generated by org.testng.reporters.JUnitReportReporter -->
<testsuite hostname="DESKTOP-VLFRU2T" failures="0" tests="1" name="com.tests.LoginTest" time="9.507" errors="0" timestamp="2022-07-19T17:03:26 IST" skipped="0">
  <testcase classname="com.tests.LoginTest" name="loginPage" time="9.507"/>
  <system-out/>
</testsuite> <!-- com.tests.LoginTest -->
