<?xml version="1.0" encoding="UTF-8"?>
<!-- Generated by org.testng.reporters.JUnitReportReporter -->
<testsuite hostname="DESKTOP-A62QDBA" failures="0" tests="1" name="com.tests.LoginTest" time="64.911" errors="0" timestamp="2022-07-08T17:06:23 IST" skipped="0">
  <testcase classname="com.tests.LoginTest" name="loginPage" time="64.911"/>
  <system-out/>
</testsuite> <!-- com.tests.LoginTest -->
