<?xml version="1.0" encoding="UTF-8"?>
<!-- Generated by org.testng.reporters.JUnitReportReporter -->
<testsuite hostname="DESKTOP-A62QDBA" failures="0" tests="1" name="com.tests.LoginOTPTest$LoginTest" time="26.393" errors="0" timestamp="2022-07-12T12:14:15 IST" skipped="0">
  <testcase classname="com.tests.LoginOTPTest$LoginTest" name="loginPage" time="26.393"/>
  <system-out/>
</testsuite> <!-- com.tests.LoginOTPTest$LoginTest -->
