<?xml version="1.0" encoding="UTF-8"?>
<!-- Generated by org.testng.reporters.JUnitReportReporter -->
<testsuite hostname="DESKTOP-A62QDBA" failures="0" tests="1" name="com.tests.RecoverPassTest" time="5.584" errors="0" timestamp="2022-08-02T16:10:15 IST" skipped="0">
  <testcase classname="com.tests.RecoverPassTest" name="recoverpassword" time="5.584"/>
  <system-out/>
</testsuite> <!-- com.tests.RecoverPassTest -->
