<?xml version="1.0" encoding="UTF-8"?>
<!-- Generated by org.testng.reporters.JUnitReportReporter -->
<testsuite hostname="DESKTOP-VLFRU2T" failures="0" tests="1" name="com.tests.SearchandFilterTest" time="180.725" errors="0" timestamp="2022-08-16T07:09:57 IST" skipped="0">
  <testcase classname="com.tests.SearchandFilterTest" name="SearchandFiltercheck" time="180.725"/>
  <system-out/>
</testsuite> <!-- com.tests.SearchandFilterTest -->
