<?xml version="1.0" encoding="UTF-8"?>
<!-- Generated by org.testng.reporters.JUnitReportReporter -->
<testsuite hostname="DESKTOP-A62QDBA" failures="0" tests="1" name="com.tests.BuyNowTest" time="24.164" errors="0" timestamp="2022-07-21T11:28:31 IST" skipped="0">
  <testcase classname="com.tests.BuyNowTest" name="BuyNowPage" time="24.164"/>
  <system-out/>
</testsuite> <!-- com.tests.BuyNowTest -->
