<?xml version="1.0" encoding="UTF-8"?>
<!-- Generated by org.testng.reporters.JUnitReportReporter -->
<testsuite hostname="DESKTOP-A62QDBA" failures="0" tests="1" name="com.tests.CouponsTest" time="35.918" errors="0" timestamp="2022-08-17T17:21:57 IST" skipped="0">
  <testcase classname="com.tests.CouponsTest" name="Couponapplyverfication" time="35.918"/>
  <system-out/>
</testsuite> <!-- com.tests.CouponsTest -->
