<?xml version="1.0" encoding="UTF-8"?>
<!-- Generated by org.testng.reporters.JUnitReportReporter -->
<testsuite hostname="DESKTOP-A62QDBA" failures="0" tests="1" name="com.tests.SearchandFilterTest" time="188.478" errors="0" timestamp="2022-09-09T16:28:30 IST" skipped="0">
  <testcase classname="com.tests.SearchandFilterTest" name="SearchandFiltercheck" time="188.478"/>
  <system-out/>
</testsuite> <!-- com.tests.SearchandFilterTest -->
