<?xml version="1.0" encoding="UTF-8"?>
<!-- Generated by org.testng.reporters.JUnitReportReporter -->
<testsuite hostname="DESKTOP-VLFRU2T" failures="0" tests="1" name="com.tests.ProfileTest" time="5.536" errors="0" timestamp="2022-07-10T21:27:47 IST" skipped="0">
  <testcase classname="com.tests.ProfileTest" name="profilepage" time="5.536"/>
  <system-out/>
</testsuite> <!-- com.tests.ProfileTest -->
