<?xml version="1.0" encoding="UTF-8"?>
<!-- Generated by org.testng.reporters.JUnitReportReporter -->
<testsuite hostname="DESKTOP-A62QDBA" failures="0" tests="6" name="com.tests.DashboardTest" time="177.649" errors="0" timestamp="2022-09-13T13:22:02 IST" skipped="0">
  <testcase classname="com.tests.DashboardTest" name="DashboardTopBar" time="37.902"/>
  <system-out/>
  <testcase classname="com.tests.DashboardTest" name="DashboardBottomBanner" time="23.876"/>
  <system-out/>
  <testcase classname="com.tests.DashboardTest" name="DashboardTotalAuctionandDeals" time="8.633"/>
  <system-out/>
  <testcase classname="com.tests.DashboardTest" name="Productrequestcheck" time="4.155"/>
  <system-out/>
  <testcase classname="com.tests.DashboardTest" name="FilterCheck" time="43.107"/>
  <system-out/>
  <testcase classname="com.tests.DashboardTest" name="DealsAndAuctionRedirecting" time="59.976"/>
  <system-out/>
</testsuite> <!-- com.tests.DashboardTest -->
