<?xml version="1.0" encoding="UTF-8"?>
<!-- Generated by org.testng.reporters.JUnitReportReporter -->
<testsuite hostname="DESKTOP-A62QDBA" failures="0" tests="1" name="com.tests.SignUpTest" time="10.048" errors="0" timestamp="2022-08-03T13:58:17 IST" skipped="0">
  <testcase classname="com.tests.SignUpTest" name="SignUpPage" time="10.048"/>
  <system-out/>
</testsuite> <!-- com.tests.SignUpTest -->
