<?xml version="1.0" encoding="UTF-8"?>
<!-- Generated by org.testng.reporters.JUnitReportReporter -->
<testsuite hostname="DESKTOP-A62QDBA" failures="0" tests="2" name="com.tests.CouponsTest" time="38.478" errors="0" timestamp="2022-08-16T17:45:22 IST" skipped="0">
  <testcase classname="com.tests.CouponsTest" name="Couponapplyverfication" time="35.538"/>
  <system-out/>
  <testcase classname="com.tests.CouponsTest" name="ReferralPage" time="2.940"/>
  <system-out/>
</testsuite> <!-- com.tests.CouponsTest -->
