<?xml version="1.0" encoding="UTF-8"?>
<!-- Generated by org.testng.reporters.JUnitReportReporter -->
<testsuite hostname="DESKTOP-A62QDBA" failures="0" tests="1" name="com.tests.LoginTest" time="8.795" errors="0" timestamp="2022-07-12T12:16:43 IST" skipped="0">
  <testcase classname="com.tests.LoginTest" name="loginPage" time="8.795"/>
  <system-out/>
</testsuite> <!-- com.tests.LoginTest -->
