<?xml version="1.0" encoding="UTF-8"?>
<!-- Generated by org.testng.reporters.JUnitReportReporter -->
<testsuite hostname="DESKTOP-VLFRU2T" failures="0" tests="6" name="com.tests.ProfileTest" time="10.219" errors="0" timestamp="2022-08-16T07:09:57 IST" skipped="5">
  <testcase classname="com.tests.ProfileTest" name="EditDeliveryAddress" time="10.219"/>
  <system-out/>
  <testcase classname="com.tests.ProfileTest" name="AddDeliveryAddress">
    <skipped/>
  </testcase> <!-- AddDeliveryAddress -->
  <system-out/>
  <testcase classname="com.tests.ProfileTest" name="PersonalInformationUpdate">
    <skipped/>
  </testcase> <!-- PersonalInformationUpdate -->
  <system-out/>
  <testcase classname="com.tests.ProfileTest" name="Profileimageupload">
    <skipped/>
  </testcase> <!-- Profileimageupload -->
  <system-out/>
  <testcase classname="com.tests.ProfileTest" name="PasswordUpdate">
    <skipped/>
  </testcase> <!-- PasswordUpdate -->
  <system-out/>
  <testcase classname="com.tests.ProfileTest" name="PhonenumberUpdate">
    <skipped/>
  </testcase> <!-- PhonenumberUpdate -->
  <system-out/>
</testsuite> <!-- com.tests.ProfileTest -->
