<?xml version="1.0" encoding="UTF-8"?>
<!-- Generated by org.testng.reporters.JUnitReportReporter -->
<testsuite hostname="DESKTOP-VLFRU2T" failures="0" tests="1" name="com.tests.SearchandFilterTest" time="344.315" errors="0" timestamp="2022-11-21T16:35:23 IST" skipped="0">
  <testcase classname="com.tests.SearchandFilterTest" name="SearchandFiltercheck" time="344.315"/>
  <system-out/>
</testsuite> <!-- com.tests.SearchandFilterTest -->
