<?xml version="1.0" encoding="UTF-8"?>
<!-- Generated by org.testng.reporters.JUnitReportReporter -->
<testsuite hostname="DESKTOP-A62QDBA" failures="0" tests="7" name="com.tests.ProfileTest" time="57.756" errors="0" timestamp="2022-09-13T13:22:02 IST" skipped="0">
  <testcase classname="com.tests.ProfileTest" name="PersonalInformationUpdate" time="12.285"/>
  <system-out/>
  <testcase classname="com.tests.ProfileTest" name="Profileimageupload" time="5.150"/>
  <system-out/>
  <testcase classname="com.tests.ProfileTest" name="PhonenumberUpdate" time="9.572"/>
  <system-out/>
  <testcase classname="com.tests.ProfileTest" name="PasswordUpdate" time="4.285"/>
  <system-out/>
  <testcase classname="com.tests.ProfileTest" name="AddDeliveryAddress" time="11.664"/>
  <system-out/>
  <testcase classname="com.tests.ProfileTest" name="EditDeliveryAddress" time="10.790"/>
  <system-out/>
  <testcase classname="com.tests.ProfileTest" name="DeleteDeliveryAddress" time="4.010"/>
  <system-out/>
</testsuite> <!-- com.tests.ProfileTest -->
