<?xml version="1.0" encoding="UTF-8"?>
<!-- Generated by org.testng.reporters.JUnitReportReporter -->
<testsuite hostname="DESKTOP-VLFRU2T" failures="0" tests="1" name="com.tests.LoginOTPTest$LoginTest" time="5.074" errors="0" timestamp="2022-07-10T21:27:47 IST" skipped="0">
  <testcase classname="com.tests.LoginOTPTest$LoginTest" name="loginPage" time="5.074"/>
  <system-out/>
</testsuite> <!-- com.tests.LoginOTPTest$LoginTest -->
