<?xml version="1.0" encoding="UTF-8"?>
<!-- Generated by org.testng.reporters.JUnitReportReporter -->
<testsuite hostname="DESKTOP-A62QDBA" failures="0" tests="1" name="com.tests.ProfileTest" time="5.105" errors="0" timestamp="2022-08-01T12:59:35 IST" skipped="0">
  <testcase classname="com.tests.ProfileTest" name="ProfilePage" time="5.105"/>
  <system-out/>
</testsuite> <!-- com.tests.ProfileTest -->
