<?xml version="1.0" encoding="UTF-8"?>
<!-- Generated by org.testng.reporters.JUnitReportReporter -->
<testsuite hostname="DESKTOP-A62QDBA" failures="0" tests="4" name="com.tests.BuyNowTest" time="217.147" errors="0" timestamp="2022-09-13T13:22:02 IST" skipped="0">
  <testcase classname="com.tests.BuyNowTest" name="BuyNowSearchProducyUsingKeywordandNetBankingPayment" time="75.285"/>
  <system-out/>
  <testcase classname="com.tests.BuyNowTest" name="BuyNowFromMainCategoryandCardPayment" time="59.966"/>
  <system-out/>
  <testcase classname="com.tests.BuyNowTest" name="BuyNowFromSpecialityStoreandWalletPayment" time="60.867"/>
  <system-out/>
  <testcase classname="com.tests.BuyNowTest" name="BuyNowFromAllProductsDropdownandCODOption" time="21.029"/>
  <system-out/>
</testsuite> <!-- com.tests.BuyNowTest -->
