<?xml version="1.0" encoding="UTF-8"?>
<!-- Generated by org.testng.reporters.JUnitReportReporter -->
<testsuite hostname="DESKTOP-A62QDBA" failures="0" tests="4" name="com.tests.AutoBidTest" time="185.423" errors="0" timestamp="2022-08-12T13:23:06 IST" skipped="0">
  <testcase classname="com.tests.AutoBidTest" name="AutoBidByKeywordSearch" time="57.641"/>
  <system-out/>
  <testcase classname="com.tests.AutoBidTest" name="AutoBidFromMainCategory" time="47.872"/>
  <system-out/>
  <testcase classname="com.tests.AutoBidTest" name="AutoBidFromSpecialityStore" time="43.199"/>
  <system-out/>
  <testcase classname="com.tests.AutoBidTest" name="AutoBidUsingCODOption" time="36.711"/>
  <system-out/>
</testsuite> <!-- com.tests.AutoBidTest -->
