<?xml version="1.0" encoding="UTF-8"?>
<!-- Generated by org.testng.reporters.JUnitReportReporter -->
<testsuite hostname="DESKTOP-VLFRU2T" failures="0" tests="1" name="com.tests.StartAuctionTest" time="33.759" errors="0" timestamp="2022-07-24T14:49:17 IST" skipped="0">
  <testcase classname="com.tests.StartAuctionTest" name="StartAuctionPage" time="33.759"/>
  <system-out/>
</testsuite> <!-- com.tests.StartAuctionTest -->
