<?xml version="1.0" encoding="UTF-8"?>
<!-- Generated by org.testng.reporters.JUnitReportReporter -->
<testsuite hostname="DESKTOP-A62QDBA" failures="0" tests="1" name="com.tests.AutoBidTest" time="51.354" errors="0" timestamp="2022-08-08T13:13:07 IST" skipped="0">
  <testcase classname="com.tests.AutoBidTest" name="AutoBidPage" time="51.354"/>
  <system-out/>
</testsuite> <!-- com.tests.AutoBidTest -->
