<?xml version="1.0" encoding="UTF-8"?>
<!-- Generated by org.testng.reporters.JUnitReportReporter -->
<testsuite hostname="DESKTOP-A62QDBA" failures="0" tests="1" name="com.tests.LoginOTPTest$LoginTest" time="55.717" errors="0" timestamp="2022-08-16T17:45:22 IST" skipped="0">
  <testcase classname="com.tests.LoginOTPTest$LoginTest" name="LoginwithOTP" time="55.717"/>
  <system-out/>
</testsuite> <!-- com.tests.LoginOTPTest$LoginTest -->
