<?xml version="1.0" encoding="UTF-8"?>
<!-- Generated by org.testng.reporters.JUnitReportReporter -->
<testsuite hostname="DESKTOP-A62QDBA" failures="0" tests="1" name="com.tests.AutoBidTest" time="31.067" errors="0" timestamp="2022-09-09T18:45:19 IST" skipped="0">
  <testcase classname="com.tests.AutoBidTest" name="AutoBidFromAllProductsDropdownandCODOption" time="31.067"/>
  <system-out/>
</testsuite> <!-- com.tests.AutoBidTest -->
