<?xml version="1.0" encoding="UTF-8"?>
<!-- Generated by org.testng.reporters.JUnitReportReporter -->
<testsuite hostname="DESKTOP-VLFRU2T" failures="0" tests="1" name="com.tests.AutoBidTest" time="38.611" errors="0" timestamp="2022-11-21T16:35:23 IST" skipped="0">
  <testcase classname="com.tests.AutoBidTest" name="AutoBidByKeywordSearchandNetBankingPayment" time="38.611"/>
  <system-out/>
</testsuite> <!-- com.tests.AutoBidTest -->
