<?xml version="1.0" encoding="UTF-8"?>
<!-- Generated by org.testng.reporters.JUnitReportReporter -->
<testsuite hostname="DESKTOP-VLFRU2T" failures="0" tests="2" name="com.tests.CouponsTest" time="99.472" errors="0" timestamp="2022-11-21T16:35:23 IST" skipped="0">
  <testcase classname="com.tests.CouponsTest" name="ReferralPage" time="11.454"/>
  <system-out/>
  <testcase classname="com.tests.CouponsTest" name="Couponapplyverfication" time="88.018"/>
  <system-out/>
</testsuite> <!-- com.tests.CouponsTest -->
