<?xml version="1.0" encoding="UTF-8"?>
<!-- Generated by org.testng.reporters.JUnitReportReporter -->
<testsuite hostname="DESKTOP-A62QDBA" failures="0" tests="4" name="com.tests.BuyNowTest" time="174.015" errors="0" timestamp="2022-08-12T13:23:06 IST" skipped="0">
  <testcase classname="com.tests.BuyNowTest" name="BuyNowSearchProducyUsingKeyword" time="58.277"/>
  <system-out/>
  <testcase classname="com.tests.BuyNowTest" name="BuyNowFromMainCategory" time="52.165"/>
  <system-out/>
  <testcase classname="com.tests.BuyNowTest" name="BuyNowFromSpecialityStore" time="51.537"/>
  <system-out/>
  <testcase classname="com.tests.BuyNowTest" name="BuyNowUsingCODOption" time="12.036"/>
  <system-out/>
</testsuite> <!-- com.tests.BuyNowTest -->
