<?xml version="1.0" encoding="UTF-8"?>
<!-- Generated by org.testng.reporters.JUnitReportReporter -->
<testsuite hostname="DESKTOP-A62QDBA" failures="0" tests="3" name="com.tests.ProfileTest" time="28.239" errors="0" timestamp="2022-09-22T12:18:14 IST" skipped="0">
  <testcase classname="com.tests.ProfileTest" name="PersonalInformationUpdate" time="9.390"/>
  <system-out/>
  <testcase classname="com.tests.ProfileTest" name="PersonalInformationUpdate" time="11.072"/>
  <system-out/>
  <testcase classname="com.tests.ProfileTest" name="PersonalInformationUpdate" time="7.777"/>
  <system-out/>
</testsuite> <!-- com.tests.ProfileTest -->
