<?xml version="1.0" encoding="UTF-8"?>
<!-- Generated by org.testng.reporters.JUnitReportReporter -->
<testsuite hostname="DESKTOP-A62QDBA" failures="0" tests="1" name="com.tests.ProfileTest" time="6.269" errors="0" timestamp="2022-07-05T12:46:29 IST" skipped="0">
  <testcase classname="com.tests.ProfileTest" name="profilepage" time="6.269"/>
  <system-out/>
</testsuite> <!-- com.tests.ProfileTest -->
