<?xml version="1.0" encoding="UTF-8"?>
<!-- Generated by org.testng.reporters.JUnitReportReporter -->
<testsuite hostname="DESKTOP-A62QDBA" failures="0" tests="2" name="com.tests.CouponsTest" time="50.150" errors="0" timestamp="2022-09-26T18:18:09 IST" skipped="0">
  <testcase classname="com.tests.CouponsTest" name="Couponapplyverfication" time="46.593"/>
  <system-out/>
  <testcase classname="com.tests.CouponsTest" name="ReferralPage" time="3.557"/>
  <system-out/>
</testsuite> <!-- com.tests.CouponsTest -->
