<?xml version="1.0" encoding="UTF-8"?>
<!-- Generated by org.testng.reporters.JUnitReportReporter -->
<testsuite hostname="DESKTOP-A62QDBA" failures="0" tests="1" name="com.tests.StartAuctionTest" time="14.338" errors="0" timestamp="2022-09-26T18:18:09 IST" skipped="0">
  <testcase classname="com.tests.StartAuctionTest" name="StartAuctionWay0" time="14.338"/>
  <system-out/>
</testsuite> <!-- com.tests.StartAuctionTest -->
