<?xml version="1.0" encoding="UTF-8"?>
<!-- Generated by org.testng.reporters.JUnitReportReporter -->
<testsuite hostname="DESKTOP-A62QDBA" failures="0" tests="1" name="com.tests.SampleSignUpTest" time="11.450" errors="0" timestamp="2022-07-07T16:42:30 IST" skipped="0">
  <testcase classname="com.tests.SampleSignUpTest" name="testLoginPage" time="11.450"/>
  <system-out/>
</testsuite> <!-- com.tests.SampleSignUpTest -->
