<?xml version="1.0" encoding="UTF-8"?>
<!-- Generated by org.testng.reporters.JUnitReportReporter -->
<testsuite hostname="DESKTOP-A62QDBA" failures="0" tests="2" name="com.tests.CouponsTest" time="48.368" errors="0" timestamp="2022-09-13T13:22:02 IST" skipped="0">
  <testcase classname="com.tests.CouponsTest" name="Couponapplyverfication" time="45.920"/>
  <system-out/>
  <testcase classname="com.tests.CouponsTest" name="ReferralPage" time="2.448"/>
  <system-out/>
</testsuite> <!-- com.tests.CouponsTest -->
