<?xml version="1.0" encoding="UTF-8"?>
<!-- Generated by org.testng.reporters.JUnitReportReporter -->
<testsuite hostname="DESKTOP-A62QDBA" failures="0" tests="1" name="com.tests.ProfileTest" time="180.539" errors="0" timestamp="2022-08-11T17:33:10 IST" skipped="0">
  <testcase classname="com.tests.ProfileTest" name="ProfilePage" time="180.539"/>
  <system-out/>
</testsuite> <!-- com.tests.ProfileTest -->
