<?xml version="1.0" encoding="UTF-8"?>
<!-- Generated by org.testng.reporters.JUnitReportReporter -->
<testsuite hostname="DESKTOP-VLFRU2T" failures="0" tests="1" name="com.tests.LoginTest" time="8.351" errors="0" timestamp="2022-07-10T21:27:47 IST" skipped="0">
  <testcase classname="com.tests.LoginTest" name="loginPage" time="8.351"/>
  <system-out/>
</testsuite> <!-- com.tests.LoginTest -->
