<?xml version="1.0" encoding="UTF-8"?>
<!-- Generated by org.testng.reporters.JUnitReportReporter -->
<testsuite hostname="DESKTOP-A62QDBA" failures="0" tests="1" name="com.tests.SignInOTPTest" time="17.076" errors="0" timestamp="2022-07-08T11:33:48 IST" skipped="0">
  <testcase classname="com.tests.SignInOTPTest" name="SignInOTPPage" time="17.076"/>
  <system-out/>
</testsuite> <!-- com.tests.SignInOTPTest -->
