<?xml version="1.0" encoding="UTF-8"?>
<!-- Generated by org.testng.reporters.JUnitReportReporter -->
<testsuite hostname="DESKTOP-A62QDBA" failures="0" tests="1" name="com.tests.SignUpTest" time="4.747" errors="0" timestamp="2022-07-21T13:42:38 IST" skipped="0">
  <testcase classname="com.tests.SignUpTest" name="SignUpPage" time="4.747"/>
  <system-out/>
</testsuite> <!-- com.tests.SignUpTest -->
