<?xml version="1.0" encoding="UTF-8"?>
<!-- Generated by org.testng.reporters.JUnitReportReporter -->
<testsuite hostname="DESKTOP-A62QDBA" failures="0" tests="1" name="com.tests.StartAuctionTest" time="11.494" errors="0" timestamp="2022-08-17T16:42:58 IST" skipped="0">
  <testcase classname="com.tests.StartAuctionTest" name="StartAuctionWay0" time="11.494"/>
  <system-out/>
</testsuite> <!-- com.tests.StartAuctionTest -->
