<?xml version="1.0" encoding="UTF-8"?>
<!-- Generated by org.testng.reporters.JUnitReportReporter -->
<testsuite hostname="DESKTOP-A62QDBA" failures="0" tests="3" name="com.tests.DashboardTest" time="64.259" errors="0" timestamp="2022-08-12T13:23:06 IST" skipped="0">
  <testcase classname="com.tests.DashboardTest" name="DashboardPage" time="52.794"/>
  <system-out/>
  <testcase classname="com.tests.DashboardTest" name="TotalAuctionAndTotalDeals" time="7.743"/>
  <system-out/>
  <testcase classname="com.tests.DashboardTest" name="NewProductRequest" time="3.722"/>
  <system-out/>
</testsuite> <!-- com.tests.DashboardTest -->
