<?xml version="1.0" encoding="UTF-8"?>
<!-- Generated by org.testng.reporters.JUnitReportReporter -->
<testsuite hostname="DESKTOP-A62QDBA" failures="0" tests="1" name="com.tests.PwdRecoveryTest" time="9.371" errors="0" timestamp="2022-07-08T12:53:40 IST" skipped="0">
  <testcase classname="com.tests.PwdRecoveryTest" name="PwdRecoveryPage" time="9.371"/>
  <system-out/>
</testsuite> <!-- com.tests.PwdRecoveryTest -->
