<?xml version="1.0" encoding="UTF-8"?>
<!-- Generated by org.testng.reporters.JUnitReportReporter -->
<testsuite hostname="DESKTOP-A62QDBA" failures="0" tests="1" name="com.tests.LoginTest" time="7.601" errors="0" timestamp="2022-08-17T17:00:55 IST" skipped="0">
  <testcase classname="com.tests.LoginTest" name="loginPage" time="7.601"/>
  <system-out/>
</testsuite> <!-- com.tests.LoginTest -->
