<?xml version="1.0" encoding="UTF-8"?>
<!-- Generated by org.testng.reporters.JUnitReportReporter -->
<testsuite hostname="DESKTOP-A62QDBA" failures="0" tests="1" name="com.tests.StartAuctionTest" time="11.929" errors="0" timestamp="2022-07-19T15:26:58 IST" skipped="0">
  <testcase classname="com.tests.StartAuctionTest" name="StartAuctionPage" time="11.929"/>
  <system-out/>
</testsuite> <!-- com.tests.StartAuctionTest -->
