<?xml version="1.0" encoding="UTF-8"?>
<!-- Generated by org.testng.reporters.JUnitReportReporter -->
<testsuite hostname="DESKTOP-A62QDBA" failures="0" tests="1" name="com.tests.LoginOTPTest$LoginTest" time="27.408" errors="0" timestamp="2022-09-09T16:28:30 IST" skipped="0">
  <testcase classname="com.tests.LoginOTPTest$LoginTest" name="LoginwithOTP" time="27.408"/>
  <system-out/>
</testsuite> <!-- com.tests.LoginOTPTest$LoginTest -->
