<?xml version="1.0" encoding="UTF-8"?>
<!-- Generated by org.testng.reporters.JUnitReportReporter -->
<testsuite hostname="DESKTOP-A62QDBA" failures="0" tests="1" name="com.tests.DashboardTest" time="16.351" errors="0" timestamp="2022-07-21T16:54:10 IST" skipped="0">
  <testcase classname="com.tests.DashboardTest" name="DashboardPage" time="16.351"/>
  <system-out/>
</testsuite> <!-- com.tests.DashboardTest -->
