<?xml version="1.0" encoding="UTF-8"?>
<!-- Generated by org.testng.reporters.JUnitReportReporter -->
<testsuite hostname="DESKTOP-A62QDBA" failures="0" tests="6" name="com.tests.DashboardTest" time="175.585" errors="0" timestamp="2022-09-26T18:18:09 IST" skipped="0">
  <testcase classname="com.tests.DashboardTest" name="DashboardTopBar" time="45.401"/>
  <system-out/>
  <testcase classname="com.tests.DashboardTest" name="DashboardBottomBanner" time="16.560"/>
  <system-out/>
  <testcase classname="com.tests.DashboardTest" name="DashboardTotalAuctionandDeals" time="14.157"/>
  <system-out/>
  <testcase classname="com.tests.DashboardTest" name="Productrequestcheck" time="4.706"/>
  <system-out/>
  <testcase classname="com.tests.DashboardTest" name="FilterCheck" time="45.844"/>
  <system-out/>
  <testcase classname="com.tests.DashboardTest" name="DealsAndAuctionRedirecting" time="48.917"/>
  <system-out/>
</testsuite> <!-- com.tests.DashboardTest -->
