<?xml version="1.0" encoding="UTF-8"?>
<!-- Generated by org.testng.reporters.JUnitReportReporter -->
<testsuite hostname="DESKTOP-A62QDBA" failures="0" tests="1" name="com.tests.LoginTest" time="8.538" errors="0" timestamp="2022-08-16T17:45:22 IST" skipped="0">
  <testcase classname="com.tests.LoginTest" name="loginPage" time="8.538"/>
  <system-out/>
</testsuite> <!-- com.tests.LoginTest -->
