<?xml version="1.0" encoding="UTF-8"?>
<!-- Generated by org.testng.reporters.JUnitReportReporter -->
<testsuite hostname="DESKTOP-VLFRU2T" failures="0" tests="1" name="com.tests.LoginTest" time="3.899" errors="0" timestamp="2022-07-03T21:45:38 IST" skipped="0">
  <testcase classname="com.tests.LoginTest" name="loginPage" time="3.899"/>
  <system-out/>
</testsuite> <!-- com.tests.LoginTest -->
