<?xml version="1.0" encoding="UTF-8"?>
<!-- Generated by org.testng.reporters.JUnitReportReporter -->
<testsuite hostname="DESKTOP-A62QDBA" failures="0" tests="1" name="com.tests.StartAuctionTest" time="13.002" errors="0" timestamp="2022-09-09T16:28:30 IST" skipped="0">
  <testcase classname="com.tests.StartAuctionTest" name="StartAuctionWay0" time="13.002"/>
  <system-out/>
</testsuite> <!-- com.tests.StartAuctionTest -->
