<?xml version="1.0" encoding="UTF-8"?>
<!-- Generated by org.testng.reporters.JUnitReportReporter -->
<testsuite hostname="DESKTOP-A62QDBA" failures="0" tests="4" name="com.tests.AutoBidTest" time="37.423" errors="0" timestamp="2022-08-16T17:45:22 IST" skipped="3">
  <testcase classname="com.tests.AutoBidTest" name="AutoBidByKeywordSearchandNetBankingPayment" time="37.423"/>
  <system-out/>
  <testcase classname="com.tests.AutoBidTest" name="AutoBidFromSpecialityStoreandWalletPayment">
    <skipped/>
  </testcase> <!-- AutoBidFromSpecialityStoreandWalletPayment -->
  <system-out/>
  <testcase classname="com.tests.AutoBidTest" name="AutoBidFromAllProductsDropdownandCODOption">
    <skipped/>
  </testcase> <!-- AutoBidFromAllProductsDropdownandCODOption -->
  <system-out/>
  <testcase classname="com.tests.AutoBidTest" name="AutoBidFromMainCategoryandCardPayment">
    <skipped/>
  </testcase> <!-- AutoBidFromMainCategoryandCardPayment -->
  <system-out/>
</testsuite> <!-- com.tests.AutoBidTest -->
