<?xml version="1.0" encoding="UTF-8"?>
<!-- Generated by org.testng.reporters.JUnitReportReporter -->
<testsuite hostname="DESKTOP-VLFRU2T" failures="0" tests="2" name="com.tests.DashboardTest" time="137.143" errors="0" timestamp="2022-08-16T07:09:57 IST" skipped="0">
  <testcase classname="com.tests.DashboardTest" name="DashboardTopBar" time="104.147"/>
  <system-out/>
  <testcase classname="com.tests.DashboardTest" name="DashboardBottomBanner" time="32.996"/>
  <system-out/>
</testsuite> <!-- com.tests.DashboardTest -->
