<?xml version="1.0" encoding="UTF-8"?>
<!-- Generated by org.testng.reporters.JUnitReportReporter -->
<testsuite hostname="DESKTOP-A62QDBA" failures="0" tests="4" name="com.tests.BuyNowTest" time="59.836" errors="0" timestamp="2022-08-16T16:47:40 IST" skipped="3">
  <testcase classname="com.tests.BuyNowTest" name="BuyNowSearchProducyUsingKeywordandNetBankingPayment" time="59.836"/>
  <system-out/>
  <testcase classname="com.tests.BuyNowTest" name="BuyNowFromMainCategoryandCardPayment">
    <skipped/>
  </testcase> <!-- BuyNowFromMainCategoryandCardPayment -->
  <system-out/>
  <testcase classname="com.tests.BuyNowTest" name="BuyNowFromAllProductsDropdownandCODOption">
    <skipped/>
  </testcase> <!-- BuyNowFromAllProductsDropdownandCODOption -->
  <system-out/>
  <testcase classname="com.tests.BuyNowTest" name="BuyNowFromSpecialityStoreandWalletPayment">
    <skipped/>
  </testcase> <!-- BuyNowFromSpecialityStoreandWalletPayment -->
  <system-out/>
</testsuite> <!-- com.tests.BuyNowTest -->
