<?xml version="1.0" encoding="UTF-8"?>
<!-- Generated by org.testng.reporters.JUnitReportReporter -->
<testsuite hostname="DESKTOP-VLFRU2T" failures="0" tests="1" name="com.tests.SignUpTest" time="19.425" errors="0" timestamp="2022-07-16T20:16:39 IST" skipped="0">
  <testcase classname="com.tests.SignUpTest" name="logincheck" time="19.425"/>
  <system-out/>
</testsuite> <!-- com.tests.SignUpTest -->
