<?xml version="1.0" encoding="UTF-8"?>
<!-- Generated by org.testng.reporters.JUnitReportReporter -->
<testsuite hostname="DESKTOP-A62QDBA" failures="0" tests="5" name="com.tests.ProfileTest" time="19.047" errors="0" timestamp="2022-08-16T17:45:22 IST" skipped="3">
  <testcase classname="com.tests.ProfileTest" name="Profileimageupload" time="4.807"/>
  <system-out/>
  <testcase classname="com.tests.ProfileTest" name="EditDeliveryAddress" time="14.240"/>
  <system-out/>
  <testcase classname="com.tests.ProfileTest" name="AddDeliveryAddress">
    <skipped/>
  </testcase> <!-- AddDeliveryAddress -->
  <system-out/>
  <testcase classname="com.tests.ProfileTest" name="PasswordUpdate">
    <skipped/>
  </testcase> <!-- PasswordUpdate -->
  <system-out/>
  <testcase classname="com.tests.ProfileTest" name="PhonenumberUpdate">
    <skipped/>
  </testcase> <!-- PhonenumberUpdate -->
  <system-out/>
</testsuite> <!-- com.tests.ProfileTest -->
