<?xml version="1.0" encoding="UTF-8"?>
<!-- Generated by org.testng.reporters.JUnitReportReporter -->
<testsuite hostname="DESKTOP-A62QDBA" failures="0" tests="1" name="com.tests.DashboardTest" time="57.707" errors="0" timestamp="2022-07-27T13:00:05 IST" skipped="0">
  <testcase classname="com.tests.DashboardTest" name="DashboardPage" time="57.707"/>
  <system-out/>
</testsuite> <!-- com.tests.DashboardTest -->
