<?xml version="1.0" encoding="UTF-8"?>
<!-- Generated by org.testng.reporters.JUnitReportReporter -->
<testsuite hostname="DESKTOP-VLFRU2T" failures="0" tests="1" name="com.tests.LoginTest" time="6.887" errors="0" timestamp="2022-08-16T07:09:57 IST" skipped="0">
  <testcase classname="com.tests.LoginTest" name="loginPage" time="6.887"/>
  <system-out/>
</testsuite> <!-- com.tests.LoginTest -->
