<?xml version="1.0" encoding="UTF-8"?>
<!-- Generated by org.testng.reporters.JUnitReportReporter -->
<testsuite hostname="DESKTOP-VLFRU2T" failures="0" tests="1" name="com.tests.AutoBidTest" time="43.525" errors="0" timestamp="2022-07-21T20:07:53 IST" skipped="0">
  <testcase classname="com.tests.AutoBidTest" name="AutoBidPage" time="43.525"/>
  <system-out/>
</testsuite> <!-- com.tests.AutoBidTest -->
