<?xml version="1.0" encoding="UTF-8"?>
<!-- Generated by org.testng.reporters.JUnitReportReporter -->
<testsuite hostname="DESKTOP-A62QDBA" failures="0" tests="1" name="com.tests.ProfileTest" time="4.937" errors="0" timestamp="2022-07-11T15:38:19 IST" skipped="0">
  <testcase classname="com.tests.ProfileTest" name="profilepage" time="4.937"/>
  <system-out/>
</testsuite> <!-- com.tests.ProfileTest -->
