<?xml version="1.0" encoding="UTF-8"?>
<!-- Generated by org.testng.reporters.JUnitReportReporter -->
<testsuite hostname="DESKTOP-A62QDBA" failures="0" tests="1" name="com.tests.AutoBidTest" time="44.947" errors="0" timestamp="2022-07-20T12:16:46 IST" skipped="0">
  <testcase classname="com.tests.AutoBidTest" name="AutoBidPage" time="44.947"/>
  <system-out/>
</testsuite> <!-- com.tests.AutoBidTest -->
